# JRE version: OpenJDK Runtime Environment Temurin-17.0.1+12 (17.0.1+12) (build 17.0.1+12)
# Java VM: OpenJDK 64-Bit Server VM Temurin-17.0.1+12 (17.0.1+12, mixed mode, tiered, compressed oops, compressed class ptrs, g1 gc, windows-amd64)
GC Precious Log:
 CPUs: 4 total, 4 available
 Memory: 3976M
 Large Page Support: Disabled
 NUMA Support: Disabled
 Compressed Oops: Enabled (32-bit)
 Heap Region Size: 1M
 Heap Min Capacity: 8M
 Heap Initial Capacity: 64M
 Heap Max Capacity: 996M
 Pre-touch: Disabled
 Parallel Workers: 4
 Concurrent Workers: 1
 Concurrent Refinement Workers: 4
 Periodic GC: Disabled
Heap:
 garbage-first heap   total 630784K, used 432355K [0x00000000c1c00000, 0x0000000100000000)
  region size 1024K, 75 young (76800K), 4 survivors (4096K)
 Metaspace       used 72583K, committed 73728K, reserved 1122304K
  class space    used 7391K, committed 7936K, reserved 1048576K
GC Heap History (20 events):
Event: 610.731 GC heap before
{Heap before GC invocations=113 (full 0):
 garbage-first heap   total 532480K, used 343552K [0x00000000c1c00000, 0x0000000100000000)
  region size 1024K, 26 young (26624K), 4 survivors (4096K)
 Metaspace       used 72603K, committed 73728K, reserved 1122304K
  class space    used 7400K, committed 7936K, reserved 1048576K
}
Event: 610.873 GC heap after
{Heap after GC invocations=114 (full 0):
 garbage-first heap   total 532480K, used 322048K [0x00000000c1c00000, 0x0000000100000000)
  region size 1024K, 4 young (4096K), 4 survivors (4096K)
 Metaspace       used 72603K, committed 73728K, reserved 1122304K
  class space    used 7400K, committed 7936K, reserved 1048576K
}
Event: 613.136 GC heap before
{Heap before GC invocations=114 (full 0):
 garbage-first heap   total 532480K, used 344576K [0x00000000c1c00000, 0x0000000100000000)
  region size 1024K, 26 young (26624K), 4 survivors (4096K)
 Metaspace       used 72603K, committed 73728K, reserved 1122304K
  class space    used 7400K, committed 7936K, reserved 1048576K
}
Event: 613.346 GC heap after
{Heap after GC invocations=115 (full 0):
 garbage-first heap   total 532480K, used 322996K [0x00000000c1c00000, 0x0000000100000000)
  region size 1024K, 4 young (4096K), 4 survivors (4096K)
 Metaspace       used 72603K, committed 73728K, reserved 1122304K
  class space    used 7400K, committed 7936K, reserved 1048576K
}
Event: 615.573 GC heap before
{Heap before GC invocations=115 (full 0):
 garbage-first heap   total 532480K, used 345524K [0x00000000c1c00000, 0x0000000100000000)
  region size 1024K, 26 young (26624K), 4 survivors (4096K)
 Metaspace       used 72603K, committed 73728K, reserved 1122304K
  class space    used 7400K, committed 7936K, reserved 1048576K
}
Event: 615.733 GC heap after
{Heap after GC invocations=116 (full 0):
 garbage-first heap   total 630784K, used 325476K [0x00000000c1c00000, 0x0000000100000000)
  region size 1024K, 4 young (4096K), 4 survivors (4096K)
 Metaspace       used 72603K, committed 73728K, reserved 1122304K
  class space    used 7400K, committed 7936K, reserved 1048576K
}
Event: 617.451 GC heap before
{Heap before GC invocations=116 (full 0):
 garbage-first heap   total 630784K, used 352100K [0x00000000c1c00000, 0x0000000100000000)
  region size 1024K, 30 young (30720K), 4 survivors (4096K)
 Metaspace       used 72603K, committed 73728K, reserved 1122304K
  class space    used 7400K, committed 7936K, reserved 1048576K
}
Event: 617.583 GC heap after
{Heap after GC invocations=117 (full 0):
 garbage-first heap   total 630784K, used 330669K [0x00000000c1c00000, 0x0000000100000000)
  region size 1024K, 4 young (4096K), 4 survivors (4096K)
 Metaspace       used 72603K, committed 73728K, reserved 1122304K
  class space    used 7400K, committed 7936K, reserved 1048576K
}
Event: 619.215 GC heap before
{Heap before GC invocations=117 (full 0):
 garbage-first heap   total 630784K, used 357293K [0x00000000c1c00000, 0x0000000100000000)
  region size 1024K, 30 young (30720K), 4 survivors (4096K)
 Metaspace       used 72603K, committed 73728K, reserved 1122304K
  class space    used 7400K, committed 7936K, reserved 1048576K
}
Event: 619.629 GC heap after
{Heap after GC invocations=118 (full 0):
 garbage-first heap   total 630784K, used 336896K [0x00000000c1c00000, 0x0000000100000000)
  region size 1024K, 4 young (4096K), 4 survivors (4096K)
 Metaspace       used 72603K, committed 73728K, reserved 1122304K
  class space    used 7400K, committed 7936K, reserved 1048576K
}
Event: 620.763 GC heap before
{Heap before GC invocations=118 (full 0):
 garbage-first heap   total 630784K, used 363520K [0x00000000c1c00000, 0x0000000100000000)
  region size 1024K, 30 young (30720K), 4 survivors (4096K)
 Metaspace       used 72603K, committed 73728K, reserved 1122304K
  class space    used 7400K, committed 7936K, reserved 1048576K
}
Event: 620.987 GC heap after
{Heap after GC invocations=119 (full 0):
 garbage-first heap   total 630784K, used 343040K [0x00000000c1c00000, 0x0000000100000000)
  region size 1024K, 4 young (4096K), 4 survivors (4096K)
 Metaspace       used 72603K, committed 73728K, reserved 1122304K
  class space    used 7400K, committed 7936K, reserved 1048576K
}
Event: 622.855 GC heap before
{Heap before GC invocations=119 (full 0):
 garbage-first heap   total 630784K, used 369664K [0x00000000c1c00000, 0x0000000100000000)
  region size 1024K, 30 young (30720K), 4 survivors (4096K)
 Metaspace       used 72603K, committed 73728K, reserved 1122304K
  class space    used 7400K, committed 7936K, reserved 1048576K
}
Event: 622.923 GC heap after
{Heap after GC invocations=120 (full 0):
 garbage-first heap   total 630784K, used 351744K [0x00000000c1c00000, 0x0000000100000000)
  region size 1024K, 4 young (4096K), 4 survivors (4096K)
 Metaspace       used 72603K, committed 73728K, reserved 1122304K
  class space    used 7400K, committed 7936K, reserved 1048576K
}
Event: 632.872 GC heap before
{Heap before GC invocations=120 (full 0):
 garbage-first heap   total 630784K, used 377344K [0x00000000c1c00000, 0x0000000100000000)
  region size 1024K, 30 young (30720K), 4 survivors (4096K)
 Metaspace       used 72607K, committed 73728K, reserved 1122304K
  class space    used 7400K, committed 7936K, reserved 1048576K
}
Event: 632.964 GC heap after
{Heap after GC invocations=121 (full 0):
 garbage-first heap   total 630784K, used 357885K [0x00000000c1c00000, 0x0000000100000000)
  region size 1024K, 4 young (4096K), 4 survivors (4096K)
 Metaspace       used 72607K, committed 73728K, reserved 1122304K
  class space    used 7400K, committed 7936K, reserved 1048576K
}
Event: 656.950 GC heap before
{Heap before GC invocations=121 (full 0):
 garbage-first heap   total 630784K, used 389629K [0x00000000c1c00000, 0x0000000100000000)
  region size 1024K, 36 young (36864K), 4 survivors (4096K)
 Metaspace       used 72608K, committed 73728K, reserved 1122304K
  class space    used 7400K, committed 7936K, reserved 1048576K
}
Event: 657.161 GC heap after
{Heap after GC invocations=122 (full 0):
 garbage-first heap   total 630784K, used 360370K [0x00000000c1c00000, 0x0000000100000000)
  region size 1024K, 2 young (2048K), 2 survivors (2048K)
 Metaspace       used 72608K, committed 73728K, reserved 1122304K
  class space    used 7400K, committed 7936K, reserved 1048576K
}
Event: 668.741 GC heap before
{Heap before GC invocations=122 (full 0):
 garbage-first heap   total 630784K, used 397234K [0x00000000c1c00000, 0x0000000100000000)
  region size 1024K, 39 young (39936K), 2 survivors (2048K)
 Metaspace       used 72609K, committed 73728K, reserved 1122304K
  class space    used 7400K, committed 7936K, reserved 1048576K
}
Event: 668.941 GC heap after
{Heap after GC invocations=123 (full 0):
 garbage-first heap   total 630784K, used 361699K [0x00000000c1c00000, 0x0000000100000000)
  region size 1024K, 4 young (4096K), 4 survivors (4096K)
 Metaspace       used 72609K, committed 73728K, reserved 1122304K
  class space    used 7400K, committed 7936K, reserved 1048576K
}

